<?xml version="1.0" encoding="UTF-8"?>
<!-- Generated by org.testng.reporters.JUnitReportReporter -->
<testsuite hostname="ITEM-S102381" failures="0" tests="1" name="Testing_Maven.end2end_test.ShoppingItem" time="55.861" errors="0" timestamp="08 May 2021 14:02:47 GMT" skipped="0">
  <testcase classname="Testing_Maven.end2end_test.ShoppingItem" name="shoppingItems" time="55.861"/>
</testsuite> <!-- Testing_Maven.end2end_test.ShoppingItem -->
