<?xml version="1.0" encoding="UTF-8"?>
<!-- Generated by org.testng.reporters.JUnitReportReporter -->
<testsuite hostname="ITEM-S102381" failures="0" tests="1" name="Testing_Maven.end2end_test.HomePage" time="26.716" errors="0" timestamp="05 May 2021 11:40:49 GMT" skipped="0">
  <testcase classname="Testing_Maven.end2end_test.HomePage" name="basePageNavigation" time="26.716"/>
</testsuite> <!-- Testing_Maven.end2end_test.HomePage -->
