<?xml version="1.0" encoding="UTF-8"?>
<!-- Generated by org.testng.reporters.JUnitReportReporter -->
<testsuite skipped="0" hostname="ITEM-S102381" name="Testing_Maven.end2end_test.ShoppingItem" tests="1" failures="0" timestamp="08 May 2021 14:20:37 GMT" time="49.660" errors="0">
  <testcase name="shoppingItems" time="49.660" classname="Testing_Maven.end2end_test.ShoppingItem"/>
</testsuite> <!-- Testing_Maven.end2end_test.ShoppingItem -->
