<?xml version="1.0" encoding="UTF-8"?>
<!-- Generated by org.testng.reporters.JUnitReportReporter -->
<testsuite skipped="0" hostname="ITEM-S102381" name="Testing_Maven.end2end_test.HomePage" tests="1" failures="0" timestamp="05 May 2021 11:43:32 GMT" time="38.871" errors="0">
  <testcase name="basePageNavigation" time="38.871" classname="Testing_Maven.end2end_test.HomePage"/>
</testsuite> <!-- Testing_Maven.end2end_test.HomePage -->
