<?xml version="1.0" encoding="UTF-8"?>
<!-- Generated by org.testng.reporters.JUnitReportReporter -->
<testsuite skipped="0" hostname="ITEM-S102381" name="Testing_Maven.end2end_test.GetLogin" tests="1" failures="0" timestamp="08 May 2021 14:20:37 GMT" time="24.801" errors="0">
  <testcase name="basePageNavigation1" time="24.801" classname="Testing_Maven.end2end_test.GetLogin"/>
</testsuite> <!-- Testing_Maven.end2end_test.GetLogin -->
